Using pre-set license
Built from '6000.0/staging' branch; Version is '6000.0.41f1 (46e447368a18) revision 4645959'; Using compiler version '193933523'; Build Type 'Release'
OS: 'Windows 11  (10.0.26100) 64bit Professional' Language: 'en' Physical Memory: 16108 MB
BatchMode: 1, IsHumanControllingUs: 0, StartBugReporterOnCrash: 0, Is64bit: 1, IsPro: 1

COMMAND LINE ARGUMENTS:
C:\Program Files\Unity\Hub\Editor\6000.0.41f1\Editor\Unity.exe
-adb2
-batchMode
-noUpm
-name
AssetImportWorker4
-projectPath
C:/Users/ibtis/OneDrive/Desktop/UnityProjects/HadalZone/Hadal Zone
-logFile
Logs/AssetImportWorker4.log
-srvPort
60545
-job-worker-count
9
-background-job-worker-count
8
-gc-helper-count
1
Successfully changed project path to: C:/Users/ibtis/OneDrive/Desktop/UnityProjects/HadalZone/Hadal Zone
C:/Users/ibtis/OneDrive/Desktop/UnityProjects/HadalZone/Hadal Zone
[UnityMemory] Configuration Parameters - Can be set up in boot.config
    "memorysetup-bucket-allocator-granularity=16"
    "memorysetup-bucket-allocator-bucket-count=8"
    "memorysetup-bucket-allocator-block-size=33554432"
    "memorysetup-bucket-allocator-block-count=8"
    "memorysetup-main-allocator-block-size=16777216"
    "memorysetup-thread-allocator-block-size=16777216"
    "memorysetup-gfx-main-allocator-block-size=16777216"
    "memorysetup-gfx-thread-allocator-block-size=16777216"
    "memorysetup-cache-allocator-block-size=4194304"
    "memorysetup-typetree-allocator-block-size=2097152"
    "memorysetup-profiler-bucket-allocator-granularity=16"
    "memorysetup-profiler-bucket-allocator-bucket-count=8"
    "memorysetup-profiler-bucket-allocator-block-size=33554432"
    "memorysetup-profiler-bucket-allocator-block-count=8"
    "memorysetup-profiler-allocator-block-size=16777216"
    "memorysetup-profiler-editor-allocator-block-size=1048576"
    "memorysetup-temp-allocator-size-main=16777216"
    "memorysetup-job-temp-allocator-block-size=2097152"
    "memorysetup-job-temp-allocator-block-size-background=1048576"
    "memorysetup-job-temp-allocator-reduction-small-platforms=262144"
    "memorysetup-allocator-temp-initial-block-size-main=262144"
    "memorysetup-allocator-temp-initial-block-size-worker=262144"
    "memorysetup-temp-allocator-size-background-worker=32768"
    "memorysetup-temp-allocator-size-job-worker=262144"
    "memorysetup-temp-allocator-size-preload-manager=33554432"
    "memorysetup-temp-allocator-size-nav-mesh-worker=65536"
    "memorysetup-temp-allocator-size-audio-worker=65536"
    "memorysetup-temp-allocator-size-cloud-worker=32768"
    "memorysetup-temp-allocator-size-gi-baking-worker=262144"
    "memorysetup-temp-allocator-size-gi-baking-worker=262144"
    "memorysetup-temp-allocator-size-gi-baking-worker=262144"
    "memorysetup-temp-allocator-size-gi-baking-worker=262144"
    "memorysetup-temp-allocator-size-gi-baking-worker=262144"
    "memorysetup-temp-allocator-size-gfx=262144"
Player connection [23928]  Target information:

Player connection [23928]  * "[IP] 192.168.50.14 [Port] 0 [Flags] 2 [Guid] 1558217443 [EditorId] 1558217443 [Version] 1048832 [Id] WindowsEditor(7,LenovoLegion) [Debug] 1 [PackageName] WindowsEditor [ProjectName] Editor" 

Player connection [23928] Host joined multi-casting on [225.0.0.222:54997]...
Player connection [23928] Host joined alternative multi-casting on [225.0.0.222:34997]...
JobSystem: Creating JobQueue using job-worker-count value 9
Input System module state changed to: Initialized.
[Physics::Module] Initialized fallback backend.
[Physics::Module] Id: 0xdecafbad
Library Redirect Path: Library/
[Physics::Module] Selected backend.
[Physics::Module] Name: PhysX
[Physics::Module] Id: 0xf2b8ea05
[Physics::Module] SDK Version: 4.1.2
[Physics::Module] Integration Version: 1.0.0
[Physics::Module] Threading Mode: Multi-Threaded
Refreshing native plugins compatible for Editor in 261.70 ms, found 4 plugins.
Preloading 0 native plugins for Editor in 0.00 ms.
Initialize engine version: 6000.0.41f1 (46e447368a18)
[Subsystems] Discovering subsystems at path C:/Program Files/Unity/Hub/Editor/6000.0.41f1/Editor/Data/Resources/UnitySubsystems
[Subsystems] Discovering subsystems at path C:/Users/ibtis/OneDrive/Desktop/UnityProjects/HadalZone/Hadal Zone/Assets
GfxDevice: creating device client; kGfxThreadingModeNonThreaded
Direct3D:
    Version:  Direct3D 11.0 [level 11.1]
    Renderer: NVIDIA GeForce RTX 3070 Ti Laptop GPU (ID=0x24e0)
    Vendor:   NVIDIA
    VRAM:     8018 MB
    Driver:   32.0.15.7283
Initialize mono
Mono path[0] = 'C:/Program Files/Unity/Hub/Editor/6000.0.41f1/Editor/Data/Managed'
Mono path[1] = 'C:/Program Files/Unity/Hub/Editor/6000.0.41f1/Editor/Data/MonoBleedingEdge/lib/mono/unityjit-win32'
Mono config path = 'C:/Program Files/Unity/Hub/Editor/6000.0.41f1/Editor/Data/MonoBleedingEdge/etc'
Using monoOptions --debugger-agent=transport=dt_socket,embedding=1,server=y,suspend=n,address=127.0.0.1:56096
Begin MonoManager ReloadAssembly
Registering precompiled unity dll's ...
Register platform support module: C:/Program Files/Unity/Hub/Editor/6000.0.41f1/Editor/Data/PlaybackEngines/WebGLSupport/UnityEditor.WebGL.Extensions.dll
Register platform support module: C:/Program Files/Unity/Hub/Editor/6000.0.41f1/Editor/Data/PlaybackEngines/WindowsStandaloneSupport/UnityEditor.WindowsStandalone.Extensions.dll
Registered in 0.003105 seconds.
- Loaded All Assemblies, in  1.818 seconds
Native extension for WindowsStandalone target not found
Native extension for WebGL target not found
Mono: successfully reloaded assembly
- Finished resetting the current domain, in  0.308 seconds
Domain Reload Profiling: 2125ms
	BeginReloadAssembly (132ms)
		ExecutionOrderSort (0ms)
		DisableScriptedObjects (0ms)
		BackupInstance (0ms)
		ReleaseScriptingObjects (0ms)
		CreateAndSetChildDomain (1ms)
	RebuildCommonClasses (314ms)
	RebuildNativeTypeToScriptingClass (12ms)
	initialDomainReloadingComplete (50ms)
	LoadAllAssembliesAndSetupDomain (1308ms)
		LoadAssemblies (131ms)
		RebuildTransferFunctionScriptingTraits (0ms)
		AnalyzeDomain (1305ms)
			TypeCache.Refresh (1303ms)
				TypeCache.ScanAssembly (1289ms)
			BuildScriptInfoCaches (0ms)
			ResolveRequiredComponents (1ms)
	FinalizeReload (308ms)
		ReleaseScriptCaches (0ms)
		RebuildScriptCaches (0ms)
		SetupLoadedEditorAssemblies (268ms)
			LogAssemblyErrors (0ms)
			InitializePlatformSupportModulesInManaged (24ms)
			SetLoadedEditorAssemblies (4ms)
			BeforeProcessingInitializeOnLoad (45ms)
			ProcessInitializeOnLoadAttributes (142ms)
			ProcessInitializeOnLoadMethodAttributes (53ms)
			AfterProcessingInitializeOnLoad (0ms)
			EditorAssembliesLoaded (0ms)
		ExecutionOrderSort2 (0ms)
		AwakeInstancesAfterBackupRestoration (0ms)
Assembly reference Packages/com.unity.cinemachine/Editor/Samples/ExposeHDRPInternals/HDRP-Editor-ref.asmref has no target assembly definition
========================================================================
Worker process is ready to serve import requests
Import Worker Mode flag is 0x00
Assembly reference Packages/com.unity.cinemachine/Editor/Samples/ExposeHDRPInternals/HDRP-Editor-ref.asmref has no target assembly definition
Assembly reference Packages/com.unity.cinemachine/Editor/Samples/ExposeHDRPInternals/HDRP-Editor-ref.asmref has no target assembly definition
Begin MonoManager ReloadAssembly
- Loaded All Assemblies, in  0.707 seconds
Assembly reference Packages/com.unity.cinemachine/Editor/Samples/ExposeHDRPInternals/HDRP-Editor-ref.asmref has no target assembly definition
'Packages/com.unity.cinemachine/Editor/Obsolete/CinemachineVirtualCameraBaseEditor.cs' contains partial class of Unity.Object, exactly 1 of the partial classes needs to be in a file with the same filename. This is to know the one that can be referenced from ie. GameObjects
'Packages/com.unity.cinemachine/Editor/Editors/CinemachineVirtualCameraBaseEditor.cs' contains partial class of Unity.Object, exactly 1 of the partial classes needs to be in a file with the same filename. This is to know the one that can be referenced from ie. GameObjects
Refreshing native plugins compatible for Editor in 1.20 ms, found 4 plugins.
Native extension for WindowsStandalone target not found
Native extension for WebGL target not found
Assembly reference Packages/com.unity.cinemachine/Editor/Samples/ExposeHDRPInternals/HDRP-Editor-ref.asmref has no target assembly definition
Package Manager log level set to [2]
[Package Manager] Failed to launch server process. Reason: Unity was launched with the -noUpm command-line argument
[Package Manager] Unable to send message (not connected to server process).
[Package Manager] Cannot connect to Unity Package Manager local server
Mono: successfully reloaded assembly
- Finished resetting the current domain, in  1.139 seconds
Domain Reload Profiling: 1844ms
	BeginReloadAssembly (151ms)
		ExecutionOrderSort (0ms)
		DisableScriptedObjects (7ms)
		BackupInstance (0ms)
		ReleaseScriptingObjects (0ms)
		CreateAndSetChildDomain (29ms)
	RebuildCommonClasses (30ms)
	RebuildNativeTypeToScriptingClass (11ms)
	initialDomainReloadingComplete (32ms)
	LoadAllAssembliesAndSetupDomain (480ms)
		LoadAssemblies (329ms)
		RebuildTransferFunctionScriptingTraits (0ms)
		AnalyzeDomain (237ms)
			TypeCache.Refresh (166ms)
				TypeCache.ScanAssembly (150ms)
			BuildScriptInfoCaches (57ms)
			ResolveRequiredComponents (10ms)
	FinalizeReload (1139ms)
		ReleaseScriptCaches (0ms)
		RebuildScriptCaches (0ms)
		SetupLoadedEditorAssemblies (561ms)
			LogAssemblyErrors (0ms)
			InitializePlatformSupportModulesInManaged (3ms)
			SetLoadedEditorAssemblies (3ms)
			BeforeProcessingInitializeOnLoad (91ms)
			ProcessInitializeOnLoadAttributes (337ms)
			ProcessInitializeOnLoadMethodAttributes (124ms)
			AfterProcessingInitializeOnLoad (3ms)
			EditorAssembliesLoaded (0ms)
		ExecutionOrderSort2 (0ms)
		AwakeInstancesAfterBackupRestoration (5ms)
Launched and connected shader compiler UnityShaderCompiler.exe after 0.05 seconds
Refreshing native plugins compatible for Editor in 1.87 ms, found 4 plugins.
Preloading 0 native plugins for Editor in 0.00 ms.
Unloading 212 Unused Serialized files (Serialized files now loaded: 0)
Unloading 7086 unused Assets / (5.2 MB). Loaded Objects now: 7788.
Memory consumption went from 178.3 MB to 173.2 MB.
Total: 12.498700 ms (FindLiveObjects: 2.001300 ms CreateObjectMapping: 0.934800 ms MarkObjects: 6.471400 ms  DeleteObjects: 3.089500 ms)

========================================================================
Received Import Request.
  Time since last request: 335605.740792 seconds.
  path: Assets/AStar/AstarPathfindingProject/Editor/EditorAssets/DarkSkin/colorInterpolationBox.png
  artifactKey: Guid(0790ee8db18ed49ed8369be285199835) Importer(2089858483,192608db42251d675da83286b1cce702)
Start importing Assets/AStar/AstarPathfindingProject/Editor/EditorAssets/DarkSkin/colorInterpolationBox.png using Guid(0790ee8db18ed49ed8369be285199835) Importer(2089858483,192608db42251d675da83286b1cce702) (ScriptedImporter) -> (artifact id: 'b326f1670f20d8ad3372c3edae54ded9') in 0.2429916 seconds
Number of updated asset objects reloaded before import = 0Number of asset objects unloaded after import = 1

========================================================================
Received Import Request.
  Time since last request: 0.000020 seconds.
  path: Assets/AStar/AstarPathfindingProject/Editor/EditorAssets/DarkSkin/lock_closed@2x.png
  artifactKey: Guid(6c38830c1556942fcb6ce893085d1daa) Importer(2089858483,192608db42251d675da83286b1cce702)
Start importing Assets/AStar/AstarPathfindingProject/Editor/EditorAssets/DarkSkin/lock_closed@2x.png using Guid(6c38830c1556942fcb6ce893085d1daa) Importer(2089858483,192608db42251d675da83286b1cce702) (ScriptedImporter) -> (artifact id: 'd638bf02491cfb9fcf07fe41578227b9') in 0.0270297 seconds
Number of updated asset objects reloaded before import = 0Number of asset objects unloaded after import = 1

========================================================================
Received Import Request.
  Time since last request: 0.000027 seconds.
  path: Assets/AStar/AstarPathfindingProject/Editor/EditorAssets/images/upDownArrow_02.png
  artifactKey: Guid(0a9d941450e7c46cf8928d06762c2189) Importer(2089858483,192608db42251d675da83286b1cce702)
Start importing Assets/AStar/AstarPathfindingProject/Editor/EditorAssets/images/upDownArrow_02.png using Guid(0a9d941450e7c46cf8928d06762c2189) Importer(2089858483,192608db42251d675da83286b1cce702) (ScriptedImporter) -> (artifact id: '704e67e4154623362abdfbaa9b955312') in 0.0283049 seconds
Number of updated asset objects reloaded before import = 0Number of asset objects unloaded after import = 1

========================================================================
Received Import Request.
  Time since last request: 0.000017 seconds.
  path: Assets/AStar/AstarPathfindingProject/Editor/EditorAssets/DarkSkin/editButton@2x.png
  artifactKey: Guid(e8ebb72a41d314b288545fddfd20cafd) Importer(2089858483,192608db42251d675da83286b1cce702)
Start importing Assets/AStar/AstarPathfindingProject/Editor/EditorAssets/DarkSkin/editButton@2x.png using Guid(e8ebb72a41d314b288545fddfd20cafd) Importer(2089858483,192608db42251d675da83286b1cce702) (ScriptedImporter) -> (artifact id: '6111c3c8672467ac74ef3b55a8daecd5') in 0.029105 seconds
Number of updated asset objects reloaded before import = 0Number of asset objects unloaded after import = 1

========================================================================
Received Import Request.
  Time since last request: 0.000015 seconds.
  path: Assets/AStar/AstarPathfindingProject/ExampleScenes/Prefabs/MineBot/mine_bot@back.FBX
  artifactKey: Guid(a13fed205b1fa3942abfab7ba21463ec) Importer(2089858483,192608db42251d675da83286b1cce702)
Start importing Assets/AStar/AstarPathfindingProject/ExampleScenes/Prefabs/MineBot/mine_bot@back.FBX using Guid(a13fed205b1fa3942abfab7ba21463ec) Importer(2089858483,192608db42251d675da83286b1cce702) (ScriptedImporter) -> (artifact id: '7b576ddd102b638d7437c6267c25333f') in 0.071613 seconds
Number of updated asset objects reloaded before import = 0Number of asset objects unloaded after import = 57

========================================================================
Received Import Request.
  Time since last request: 0.000015 seconds.
  path: Assets/AStar/AstarPathfindingProject/ExampleScenes/Prefabs/MineBot/Materials/Minebot_NRM.tif
  artifactKey: Guid(7cec4fc9f20c5e145941cf016d68ff64) Importer(2089858483,192608db42251d675da83286b1cce702)
Start importing Assets/AStar/AstarPathfindingProject/ExampleScenes/Prefabs/MineBot/Materials/Minebot_NRM.tif using Guid(7cec4fc9f20c5e145941cf016d68ff64) Importer(2089858483,192608db42251d675da83286b1cce702) (ScriptedImporter) -> (artifact id: 'b0f6ac8690f3a568d944a998ed5a8702') in 0.0197234 seconds
Number of updated asset objects reloaded before import = 0Number of asset objects unloaded after import = 1

========================================================================
Received Import Request.
  Time since last request: 0.000018 seconds.
  path: Assets/AStar/AstarPathfindingProject/Editor/EditorAssets/DarkSkin/infoButton@2x.png
  artifactKey: Guid(623f6adf01f324cb7bc6aefe7f87d623) Importer(2089858483,192608db42251d675da83286b1cce702)
Start importing Assets/AStar/AstarPathfindingProject/Editor/EditorAssets/DarkSkin/infoButton@2x.png using Guid(623f6adf01f324cb7bc6aefe7f87d623) Importer(2089858483,192608db42251d675da83286b1cce702) (ScriptedImporter) -> (artifact id: '5852383e8015098b0f2543d67b3e4bf8') in 0.026275 seconds
Number of updated asset objects reloaded before import = 0Number of asset objects unloaded after import = 1

========================================================================
Received Import Request.
  Time since last request: 0.000027 seconds.
  path: Assets/AStar/AstarPathfindingProject/ExampleScenes/Prefabs/MineBot/mine_bot@forward.FBX
  artifactKey: Guid(1da85f72a7a82bc4eabdbd8f0683bde2) Importer(2089858483,192608db42251d675da83286b1cce702)
Start importing Assets/AStar/AstarPathfindingProject/ExampleScenes/Prefabs/MineBot/mine_bot@forward.FBX using Guid(1da85f72a7a82bc4eabdbd8f0683bde2) Importer(2089858483,192608db42251d675da83286b1cce702) (ScriptedImporter) -> (artifact id: '0bdc47160e5f456c504a9aa46355db45') in 0.027201 seconds
Number of updated asset objects reloaded before import = 0Number of asset objects unloaded after import = 57

========================================================================
Received Import Request.
  Time since last request: 0.000018 seconds.
  path: Assets/AStar/AstarPathfindingProject/Editor/EditorAssets/DarkSkin/images/gridPivotSelect_On.png
  artifactKey: Guid(7ea4fc739ffbb4af1a466f655bf1d178) Importer(2089858483,192608db42251d675da83286b1cce702)
Start importing Assets/AStar/AstarPathfindingProject/Editor/EditorAssets/DarkSkin/images/gridPivotSelect_On.png using Guid(7ea4fc739ffbb4af1a466f655bf1d178) Importer(2089858483,192608db42251d675da83286b1cce702) (ScriptedImporter) -> (artifact id: 'b63d27019e8ebb736ee60aac608bb0fa') in 0.030366 seconds
Number of updated asset objects reloaded before import = 0Number of asset objects unloaded after import = 1

========================================================================
Received Import Request.
  Time since last request: 0.000018 seconds.
  path: Assets/AStar/AstarPathfindingProject/Editor/EditorAssets/Materials/NavmeshOutline.mat
  artifactKey: Guid(91035448860ba4e708919485c73f7edc) Importer(2089858483,192608db42251d675da83286b1cce702)
Start importing Assets/AStar/AstarPathfindingProject/Editor/EditorAssets/Materials/NavmeshOutline.mat using Guid(91035448860ba4e708919485c73f7edc) Importer(2089858483,192608db42251d675da83286b1cce702) (ScriptedImporter) -> (artifact id: '2516c2a924a6cc9fa2a2b11e38b31a41') in 0.0203691 seconds
Number of updated asset objects reloaded before import = 0Number of asset objects unloaded after import = 1

========================================================================
Received Import Request.
  Time since last request: 0.000021 seconds.
  path: Assets/AStar/AstarPathfindingProject/Editor/EditorAssets/LightSkin/hex_diameter@1x.png
  artifactKey: Guid(b1817d211ea3547f088cddf76f3e6647) Importer(2089858483,192608db42251d675da83286b1cce702)
Start importing Assets/AStar/AstarPathfindingProject/Editor/EditorAssets/LightSkin/hex_diameter@1x.png using Guid(b1817d211ea3547f088cddf76f3e6647) Importer(2089858483,192608db42251d675da83286b1cce702) (ScriptedImporter) -> (artifact id: '09de5db53da53c5f75e3d8264f530c03') in 0.0277444 seconds
Number of updated asset objects reloaded before import = 0Number of asset objects unloaded after import = 1

========================================================================
Received Import Request.
  Time since last request: 0.000017 seconds.
  path: Assets/AStar/AstarPathfindingProject/Editor/EditorAssets/DarkSkin/infoButton_active@2x.png
  artifactKey: Guid(9b266e42522c048f6b62832985be51ed) Importer(2089858483,192608db42251d675da83286b1cce702)
Start importing Assets/AStar/AstarPathfindingProject/Editor/EditorAssets/DarkSkin/infoButton_active@2x.png using Guid(9b266e42522c048f6b62832985be51ed) Importer(2089858483,192608db42251d675da83286b1cce702) (ScriptedImporter) -> (artifact id: '336a058d90f2bb08345fd0f8ad18aa6f') in 0.0295523 seconds
Number of updated asset objects reloaded before import = 0Number of asset objects unloaded after import = 1

========================================================================
Received Import Request.
  Time since last request: 0.000019 seconds.
  path: Assets/AStar/AstarPathfindingProject/Editor/EditorAssets/LightSkin/reset_normal.png
  artifactKey: Guid(fb3e1d793e4f0459f8b913d0d2d76e6c) Importer(2089858483,192608db42251d675da83286b1cce702)
Start importing Assets/AStar/AstarPathfindingProject/Editor/EditorAssets/LightSkin/reset_normal.png using Guid(fb3e1d793e4f0459f8b913d0d2d76e6c) Importer(2089858483,192608db42251d675da83286b1cce702) (ScriptedImporter) -> (artifact id: '958018bbcfde534e59c8f6a10251b025') in 0.0290979 seconds
Number of updated asset objects reloaded before import = 0Number of asset objects unloaded after import = 1

========================================================================
Received Import Request.
  Time since last request: 0.000027 seconds.
  path: Assets/AStar/AstarPathfindingProject/Editor/EditorAssets/Materials/line_falloff_1px.png
  artifactKey: Guid(6267c94129d874d7bafe507aa753046a) Importer(2089858483,192608db42251d675da83286b1cce702)
Start importing Assets/AStar/AstarPathfindingProject/Editor/EditorAssets/Materials/line_falloff_1px.png using Guid(6267c94129d874d7bafe507aa753046a) Importer(2089858483,192608db42251d675da83286b1cce702) (ScriptedImporter) -> (artifact id: 'f616cddf54dea09f816395c9f6020b93') in 0.0266373 seconds
Number of updated asset objects reloaded before import = 0Number of asset objects unloaded after import = 1

========================================================================
Received Import Request.
  Time since last request: 0.000015 seconds.
  path: Assets/AStar/AstarPathfindingProject/Editor/EditorAssets/DarkSkin/images/gridPivotSelect.png
  artifactKey: Guid(5006aa4ede39e49198b851d98e267b5d) Importer(2089858483,192608db42251d675da83286b1cce702)
Start importing Assets/AStar/AstarPathfindingProject/Editor/EditorAssets/DarkSkin/images/gridPivotSelect.png using Guid(5006aa4ede39e49198b851d98e267b5d) Importer(2089858483,192608db42251d675da83286b1cce702) (ScriptedImporter) -> (artifact id: '6854de9c26145f9242fd45603383331e') in 0.0292466 seconds
Number of updated asset objects reloaded before import = 0Number of asset objects unloaded after import = 1

========================================================================
Received Import Request.
  Time since last request: 0.000019 seconds.
  path: Assets/AStar/AstarPathfindingProject/ExampleScenes/Prefabs/MineBot/mine_bot@left.FBX
  artifactKey: Guid(b667956babf1f0446a76fa8b99404ab8) Importer(2089858483,192608db42251d675da83286b1cce702)
Start importing Assets/AStar/AstarPathfindingProject/ExampleScenes/Prefabs/MineBot/mine_bot@left.FBX using Guid(b667956babf1f0446a76fa8b99404ab8) Importer(2089858483,192608db42251d675da83286b1cce702) (ScriptedImporter) -> (artifact id: 'db8536c550f2e329fe6821f405f1e83e') in 0.0339447 seconds
Number of updated asset objects reloaded before import = 0Number of asset objects unloaded after import = 57

========================================================================
Received Import Request.
  Time since last request: 0.000020 seconds.
  path: Assets/AStar/AstarPathfindingProject/Editor/EditorAssets/Materials/Navmesh.cginc
  artifactKey: Guid(1b135520270114849b121a628fe61ba8) Importer(2089858483,192608db42251d675da83286b1cce702)
Start importing Assets/AStar/AstarPathfindingProject/Editor/EditorAssets/Materials/Navmesh.cginc using Guid(1b135520270114849b121a628fe61ba8) Importer(2089858483,192608db42251d675da83286b1cce702) (ScriptedImporter) -> (artifact id: '9652d477998c1f22b4fdaf7cb03a9a61') in 0.0211816 seconds
Number of updated asset objects reloaded before import = 0Number of asset objects unloaded after import = 1

========================================================================
Received Import Request.
  Time since last request: 0.000021 seconds.
  path: Assets/AStar/AstarPathfindingProject/Editor/EditorAssets/DarkSkin/images/gridPivotSelect_Normal.png
  artifactKey: Guid(37972c32346084c13bfddb8c3dbed143) Importer(2089858483,192608db42251d675da83286b1cce702)
Start importing Assets/AStar/AstarPathfindingProject/Editor/EditorAssets/DarkSkin/images/gridPivotSelect_Normal.png using Guid(37972c32346084c13bfddb8c3dbed143) Importer(2089858483,192608db42251d675da83286b1cce702) (ScriptedImporter) -> (artifact id: '123d588dde638ec120ed315d2d1f00f8') in 0.0296384 seconds
Number of updated asset objects reloaded before import = 0Number of asset objects unloaded after import = 1

========================================================================
Received Import Request.
  Time since last request: 1.854308 seconds.
  path: Assets/Prefabs/BulletsPrefabs/SMBullet.prefab
  artifactKey: Guid(5d0c7c79bf4430e45b5b679a1723665e) Importer(2089858483,192608db42251d675da83286b1cce702)
Start importing Assets/Prefabs/BulletsPrefabs/SMBullet.prefab using Guid(5d0c7c79bf4430e45b5b679a1723665e) Importer(2089858483,192608db42251d675da83286b1cce702) (ScriptedImporter) -> (artifact id: '290a4da19ae80d83f2b090add86a565d') in 0.0501339 seconds
Number of updated asset objects reloaded before import = 0Number of asset objects unloaded after import = 11

========================================================================
Received Import Request.
  Time since last request: 4.167768 seconds.
  path: Assets/Prefabs/BulletsPrefabs/SMBullet.prefab
  artifactKey: Guid(5d0c7c79bf4430e45b5b679a1723665e) Importer(2089858483,192608db42251d675da83286b1cce702)
Start importing Assets/Prefabs/BulletsPrefabs/SMBullet.prefab using Guid(5d0c7c79bf4430e45b5b679a1723665e) Importer(2089858483,192608db42251d675da83286b1cce702) (ScriptedImporter) -> (artifact id: '52cff9b88297da77e864fc294d9684bd') in 0.022568 seconds
Number of updated asset objects reloaded before import = 0Number of asset objects unloaded after import = 11

========================================================================
Received Import Request.
  Time since last request: 5.036783 seconds.
  path: Assets/Prefabs/BulletsPrefabs/SMBullet.prefab
  artifactKey: Guid(5d0c7c79bf4430e45b5b679a1723665e) Importer(2089858483,192608db42251d675da83286b1cce702)
Start importing Assets/Prefabs/BulletsPrefabs/SMBullet.prefab using Guid(5d0c7c79bf4430e45b5b679a1723665e) Importer(2089858483,192608db42251d675da83286b1cce702) (ScriptedImporter) -> (artifact id: '3288333e062383cd6f3fa769d7254ec9') in 0.021449 seconds
Number of updated asset objects reloaded before import = 0Number of asset objects unloaded after import = 11

========================================================================
Received Import Request.
  Time since last request: 35.994331 seconds.
  path: Assets/Prefabs/BulletsPrefabs/SMBullet.prefab
  artifactKey: Guid(5d0c7c79bf4430e45b5b679a1723665e) Importer(2089858483,192608db42251d675da83286b1cce702)
Start importing Assets/Prefabs/BulletsPrefabs/SMBullet.prefab using Guid(5d0c7c79bf4430e45b5b679a1723665e) Importer(2089858483,192608db42251d675da83286b1cce702) (ScriptedImporter) -> (artifact id: '29158b3c391c19aa41e7af785e6b0a84') in 0.022048 seconds
Number of updated asset objects reloaded before import = 0Number of asset objects unloaded after import = 11

========================================================================
Received Import Request.
  Time since last request: 9.873749 seconds.
  path: Assets/Prefabs/BulletsPrefabs/SMBullet.prefab
  artifactKey: Guid(5d0c7c79bf4430e45b5b679a1723665e) Importer(2089858483,192608db42251d675da83286b1cce702)
Start importing Assets/Prefabs/BulletsPrefabs/SMBullet.prefab using Guid(5d0c7c79bf4430e45b5b679a1723665e) Importer(2089858483,192608db42251d675da83286b1cce702) (ScriptedImporter) -> (artifact id: '209d40aa905cf910a0a597cc59036605') in 0.0247564 seconds
Number of updated asset objects reloaded before import = 0Number of asset objects unloaded after import = 11

========================================================================
Received Import Request.
  Time since last request: 5.091103 seconds.
  path: Assets/Prefabs/BulletsPrefabs/SMBullet.prefab
  artifactKey: Guid(5d0c7c79bf4430e45b5b679a1723665e) Importer(2089858483,192608db42251d675da83286b1cce702)
Start importing Assets/Prefabs/BulletsPrefabs/SMBullet.prefab using Guid(5d0c7c79bf4430e45b5b679a1723665e) Importer(2089858483,192608db42251d675da83286b1cce702) (ScriptedImporter) -> (artifact id: '066d21e503aa11dbace196f80d1ea2f0') in 0.0274872 seconds
Number of updated asset objects reloaded before import = 0Number of asset objects unloaded after import = 11

========================================================================
Received Import Request.
  Time since last request: 2.991099 seconds.
  path: Assets/Prefabs/BulletsPrefabs/SMBullet.prefab
  artifactKey: Guid(5d0c7c79bf4430e45b5b679a1723665e) Importer(2089858483,192608db42251d675da83286b1cce702)
Start importing Assets/Prefabs/BulletsPrefabs/SMBullet.prefab using Guid(5d0c7c79bf4430e45b5b679a1723665e) Importer(2089858483,192608db42251d675da83286b1cce702) (ScriptedImporter) -> (artifact id: 'a66b67aa0698f55e6e7d76bcebdf49bb') in 0.0256106 seconds
Number of updated asset objects reloaded before import = 0Number of asset objects unloaded after import = 11

========================================================================
Received Import Request.
  Time since last request: 2.406973 seconds.
  path: Assets/Prefabs/BulletsPrefabs/SMBullet.prefab
  artifactKey: Guid(5d0c7c79bf4430e45b5b679a1723665e) Importer(2089858483,192608db42251d675da83286b1cce702)
Start importing Assets/Prefabs/BulletsPrefabs/SMBullet.prefab using Guid(5d0c7c79bf4430e45b5b679a1723665e) Importer(2089858483,192608db42251d675da83286b1cce702) (ScriptedImporter) -> (artifact id: '4da823ceb46aecb8d5ac045823fe3589') in 0.0193459 seconds
Number of updated asset objects reloaded before import = 0Number of asset objects unloaded after import = 11

========================================================================
Received Import Request.
  Time since last request: 2.798994 seconds.
  path: Assets/Prefabs/BulletsPrefabs/SMBullet.prefab
  artifactKey: Guid(5d0c7c79bf4430e45b5b679a1723665e) Importer(2089858483,192608db42251d675da83286b1cce702)
Start importing Assets/Prefabs/BulletsPrefabs/SMBullet.prefab using Guid(5d0c7c79bf4430e45b5b679a1723665e) Importer(2089858483,192608db42251d675da83286b1cce702) (ScriptedImporter) -> (artifact id: '196409f08e17e0213a4d5f45a7afb038') in 0.0215175 seconds
Number of updated asset objects reloaded before import = 0Number of asset objects unloaded after import = 11

========================================================================
Received Import Request.
  Time since last request: 2.865748 seconds.
  path: Assets/Prefabs/BulletsPrefabs/SMBullet.prefab
  artifactKey: Guid(5d0c7c79bf4430e45b5b679a1723665e) Importer(2089858483,192608db42251d675da83286b1cce702)
Start importing Assets/Prefabs/BulletsPrefabs/SMBullet.prefab using Guid(5d0c7c79bf4430e45b5b679a1723665e) Importer(2089858483,192608db42251d675da83286b1cce702) (ScriptedImporter) -> (artifact id: '0bae8f1891452e0d0c760b22e85aa7d6') in 0.0220273 seconds
Number of updated asset objects reloaded before import = 0Number of asset objects unloaded after import = 11

========================================================================
Received Import Request.
  Time since last request: 6.243816 seconds.
  path: Assets/Prefabs/BulletsPrefabs/SMBullet.prefab
  artifactKey: Guid(5d0c7c79bf4430e45b5b679a1723665e) Importer(2089858483,192608db42251d675da83286b1cce702)
Start importing Assets/Prefabs/BulletsPrefabs/SMBullet.prefab using Guid(5d0c7c79bf4430e45b5b679a1723665e) Importer(2089858483,192608db42251d675da83286b1cce702) (ScriptedImporter) -> (artifact id: 'd4a7ec6bf3d5ae5738d6057a88ee19f7') in 0.0228924 seconds
Number of updated asset objects reloaded before import = 0Number of asset objects unloaded after import = 11

========================================================================
Received Import Request.
  Time since last request: 4.593759 seconds.
  path: Assets/Prefabs/BulletsPrefabs/SMBullet.prefab
  artifactKey: Guid(5d0c7c79bf4430e45b5b679a1723665e) Importer(2089858483,192608db42251d675da83286b1cce702)
Start importing Assets/Prefabs/BulletsPrefabs/SMBullet.prefab using Guid(5d0c7c79bf4430e45b5b679a1723665e) Importer(2089858483,192608db42251d675da83286b1cce702) (ScriptedImporter) -> (artifact id: 'cb393508cd83451e009438513ed1a326') in 0.0227014 seconds
Number of updated asset objects reloaded before import = 0Number of asset objects unloaded after import = 8

========================================================================
Received Import Request.
  Time since last request: 6.436482 seconds.
  path: Assets/Prefabs/BulletsPrefabs/SMBullet.prefab
  artifactKey: Guid(5d0c7c79bf4430e45b5b679a1723665e) Importer(2089858483,192608db42251d675da83286b1cce702)
Start importing Assets/Prefabs/BulletsPrefabs/SMBullet.prefab using Guid(5d0c7c79bf4430e45b5b679a1723665e) Importer(2089858483,192608db42251d675da83286b1cce702) (ScriptedImporter) -> (artifact id: 'a275ab587ffedc6a597846a80f60e276') in 0.0206218 seconds
Number of updated asset objects reloaded before import = 0Number of asset objects unloaded after import = 8

========================================================================
Received Import Request.
  Time since last request: 2.716999 seconds.
  path: Assets/Prefabs/BulletsPrefabs/SMBullet.prefab
  artifactKey: Guid(5d0c7c79bf4430e45b5b679a1723665e) Importer(815301076,1909f56bfc062723c751e8b465ee728b)
Start importing Assets/Prefabs/BulletsPrefabs/SMBullet.prefab using Guid(5d0c7c79bf4430e45b5b679a1723665e) Importer(815301076,1909f56bfc062723c751e8b465ee728b) (PreviewImporter) -> (artifact id: '1da28b8277d5b3f78938cc459ada49c4') in 0.4171984 seconds
Number of updated asset objects reloaded before import = 0Number of asset objects unloaded after import = 8

========================================================================
Received Import Request.
  Time since last request: 6.825992 seconds.
  path: Assets/Prefabs/BulletsPrefabs/SMBullet.prefab
  artifactKey: Guid(5d0c7c79bf4430e45b5b679a1723665e) Importer(2089858483,192608db42251d675da83286b1cce702)
Start importing Assets/Prefabs/BulletsPrefabs/SMBullet.prefab using Guid(5d0c7c79bf4430e45b5b679a1723665e) Importer(2089858483,192608db42251d675da83286b1cce702) (ScriptedImporter) -> (artifact id: 'ec6f7778be8b43f87110e0297f187a51') in 0.0278712 seconds
Number of updated asset objects reloaded before import = 0Number of asset objects unloaded after import = 8

========================================================================
Received Import Request.
  Time since last request: 0.574500 seconds.
  path: Assets/Prefabs/BulletsPrefabs/SMBullet.prefab
  artifactKey: Guid(5d0c7c79bf4430e45b5b679a1723665e) Importer(815301076,1909f56bfc062723c751e8b465ee728b)
Start importing Assets/Prefabs/BulletsPrefabs/SMBullet.prefab using Guid(5d0c7c79bf4430e45b5b679a1723665e) Importer(815301076,1909f56bfc062723c751e8b465ee728b) (PreviewImporter) -> (artifact id: '7e152feee49b1f6a43e2b5c2e2c438db') in 0.0177282 seconds
Number of updated asset objects reloaded before import = 0Number of asset objects unloaded after import = 8

========================================================================
Received Import Request.
  Time since last request: 9.564383 seconds.
  path: Assets/Scenes/Main.unity
  artifactKey: Guid(b46d3485e84dac34da4d8659216c87e6) Importer(2089858483,192608db42251d675da83286b1cce702)
Start importing Assets/Scenes/Main.unity using Guid(b46d3485e84dac34da4d8659216c87e6) Importer(2089858483,192608db42251d675da83286b1cce702) (ScriptedImporter) -> (artifact id: '3d7890da4fd65fb646ceb10fa85e861f') in 0.0185402 seconds
Number of updated asset objects reloaded before import = 0Number of asset objects unloaded after import = 1

